{"/home/runner/work/KAmesh1/KAmesh1/src/core/p2p/P2PMessenger.ts": {"path":"/home/runner/work/KAmesh1/KAmesh1/src/core/p2p/P2PMessenger.ts","statementMap":{"0":{"start":{"line":5,"column":10},"end":{"line":5,"column":11}},"1":{"start":{"line":7,"column":2},"end":{"line":7,"column":104}},"2":{"start":{"line":25,"column":42},"end":{"line":25,"column":51}},"3":{"start":{"line":26,"column":39},"end":{"line":26,"column":41}},"4":{"start":{"line":29,"column":4},"end":{"line":29,"column":31}},"5":{"start":{"line":30,"column":4},"end":{"line":30,"column":37}},"6":{"start":{"line":31,"column":4},"end":{"line":31,"column":23}},"7":{"start":{"line":32,"column":4},"end":{"line":38,"column":6}},"8":{"start":{"line":42,"column":4},"end":{"line":42,"column":81}},"9":{"start":{"line":46,"column":4},"end":{"line":46,"column":27}},"10":{"start":{"line":47,"column":4},"end":{"line":47,"column":43}},"11":{"start":{"line":47,"column":17},"end":{"line":47,"column":42}},"12":{"start":{"line":51,"column":4},"end":{"line":51,"column":55}},"13":{"start":{"line":52,"column":4},"end":{"line":52,"column":18}},"14":{"start":{"line":54,"column":4},"end":{"line":94,"column":5}},"15":{"start":{"line":55,"column":21},"end":{"line":55,"column":42}},"16":{"start":{"line":57,"column":27},"end":{"line":84,"column":8}},"17":{"start":{"line":58,"column":8},"end":{"line":83,"column":9}},"18":{"start":{"line":59,"column":25},"end":{"line":59,"column":47}},"19":{"start":{"line":60,"column":10},"end":{"line":80,"column":11}},"20":{"start":{"line":61,"column":30},"end":{"line":65,"column":13}},"21":{"start":{"line":66,"column":42},"end":{"line":75,"column":13}},"22":{"start":{"line":76,"column":12},"end":{"line":76,"column":49}},"23":{"start":{"line":77,"column":12},"end":{"line":77,"column":48}},"24":{"start":{"line":78,"column":12},"end":{"line":78,"column":85}},"25":{"start":{"line":78,"column":51},"end":{"line":78,"column":84}},"26":{"start":{"line":79,"column":12},"end":{"line":79,"column":26}},"27":{"start":{"line":86,"column":6},"end":{"line":86,"column":41}},"28":{"start":{"line":88,"column":6},"end":{"line":88,"column":64}},"29":{"start":{"line":89,"column":6},"end":{"line":89,"column":20}},"30":{"start":{"line":91,"column":6},"end":{"line":91,"column":54}},"31":{"start":{"line":92,"column":6},"end":{"line":92,"column":20}},"32":{"start":{"line":93,"column":6},"end":{"line":93,"column":14}},"33":{"start":{"line":98,"column":17},"end":{"line":98,"column":49}},"34":{"start":{"line":99,"column":4},"end":{"line":99,"column":53}},"35":{"start":{"line":100,"column":4},"end":{"line":100,"column":18}},"36":{"start":{"line":104,"column":19},"end":{"line":104,"column":53}},"37":{"start":{"line":105,"column":4},"end":{"line":105,"column":58}},"38":{"start":{"line":106,"column":4},"end":{"line":106,"column":18}},"39":{"start":{"line":110,"column":18},"end":{"line":110,"column":51}},"40":{"start":{"line":111,"column":21},"end":{"line":115,"column":6}},"41":{"start":{"line":116,"column":16},"end":{"line":116,"column":34}},"42":{"start":{"line":117,"column":17},"end":{"line":117,"column":18}},"43":{"start":{"line":118,"column":4},"end":{"line":122,"column":5}},"44":{"start":{"line":119,"column":6},"end":{"line":121,"column":7}},"45":{"start":{"line":119,"column":19},"end":{"line":119,"column":20}},"46":{"start":{"line":120,"column":8},"end":{"line":120,"column":30}},"47":{"start":{"line":123,"column":22},"end":{"line":123,"column":52}},"48":{"start":{"line":125,"column":23},"end":{"line":125,"column":71}},"49":{"start":{"line":127,"column":20},"end":{"line":134,"column":6}},"50":{"start":{"line":136,"column":4},"end":{"line":136,"column":48}},"51":{"start":{"line":138,"column":34},"end":{"line":147,"column":5}},"52":{"start":{"line":148,"column":4},"end":{"line":148,"column":41}},"53":{"start":{"line":149,"column":4},"end":{"line":149,"column":40}},"54":{"start":{"line":150,"column":4},"end":{"line":150,"column":77}},"55":{"start":{"line":150,"column":43},"end":{"line":150,"column":76}},"56":{"start":{"line":151,"column":4},"end":{"line":151,"column":18}},"57":{"start":{"line":155,"column":4},"end":{"line":155,"column":32}},"58":{"start":{"line":156,"column":4},"end":{"line":156,"column":45}},"59":{"start":{"line":157,"column":4},"end":{"line":157,"column":18}},"60":{"start":{"line":161,"column":4},"end":{"line":161,"column":42}},"61":{"start":{"line":161,"column":36},"end":{"line":161,"column":40}},"62":{"start":{"line":162,"column":4},"end":{"line":162,"column":25}},"63":{"start":{"line":163,"column":4},"end":{"line":163,"column":23}},"64":{"start":{"line":164,"column":4},"end":{"line":170,"column":6}},"65":{"start":{"line":171,"column":4},"end":{"line":171,"column":18}},"66":{"start":{"line":175,"column":21},"end":{"line":175,"column":36}},"67":{"start":{"line":176,"column":4},"end":{"line":176,"column":49}},"68":{"start":{"line":176,"column":35},"end":{"line":176,"column":47}},"69":{"start":{"line":181,"column":2},"end":{"line":183,"column":14}},"70":{"start":{"line":182,"column":16},"end":{"line":182,"column":47}},"71":{"start":{"line":187,"column":16},"end":{"line":187,"column":46}},"72":{"start":{"line":188,"column":2},"end":{"line":190,"column":3}},"73":{"start":{"line":188,"column":15},"end":{"line":188,"column":16}},"74":{"start":{"line":189,"column":4},"end":{"line":189,"column":57}},"75":{"start":{"line":191,"column":2},"end":{"line":191,"column":15}}},"fnMap":{"0":{"name":"uid","decl":{"start":{"line":6,"column":9},"end":{"line":6,"column":12}},"loc":{"start":{"line":6,"column":23},"end":{"line":8,"column":1}},"line":6},"1":{"name":"(anonymous_1)","decl":{"start":{"line":28,"column":2},"end":{"line":28,"column":3}},"loc":{"start":{"line":28,"column":28},"end":{"line":39,"column":3}},"line":28},"2":{"name":"(anonymous_2)","decl":{"start":{"line":41,"column":2},"end":{"line":41,"column":3}},"loc":{"start":{"line":41,"column":23},"end":{"line":43,"column":3}},"line":41},"3":{"name":"(anonymous_3)","decl":{"start":{"line":45,"column":2},"end":{"line":45,"column":3}},"loc":{"start":{"line":45,"column":43},"end":{"line":48,"column":3}},"line":45},"4":{"name":"(anonymous_4)","decl":{"start":{"line":47,"column":11},"end":{"line":47,"column":12}},"loc":{"start":{"line":47,"column":17},"end":{"line":47,"column":42}},"line":47},"5":{"name":"(anonymous_5)","decl":{"start":{"line":50,"column":2},"end":{"line":50,"column":3}},"loc":{"start":{"line":50,"column":30},"end":{"line":95,"column":3}},"line":50},"6":{"name":"(anonymous_6)","decl":{"start":{"line":57,"column":46},"end":{"line":57,"column":47}},"loc":{"start":{"line":57,"column":63},"end":{"line":84,"column":7}},"line":57},"7":{"name":"(anonymous_7)","decl":{"start":{"line":97,"column":2},"end":{"line":97,"column":3}},"loc":{"start":{"line":97,"column":45},"end":{"line":101,"column":3}},"line":97},"8":{"name":"(anonymous_8)","decl":{"start":{"line":103,"column":2},"end":{"line":103,"column":3}},"loc":{"start":{"line":103,"column":59},"end":{"line":107,"column":3}},"line":103},"9":{"name":"(anonymous_9)","decl":{"start":{"line":109,"column":2},"end":{"line":109,"column":3}},"loc":{"start":{"line":109,"column":88},"end":{"line":152,"column":3}},"line":109},"10":{"name":"(anonymous_10)","decl":{"start":{"line":154,"column":2},"end":{"line":154,"column":3}},"loc":{"start":{"line":154,"column":50},"end":{"line":158,"column":3}},"line":154},"11":{"name":"(anonymous_11)","decl":{"start":{"line":160,"column":2},"end":{"line":160,"column":3}},"loc":{"start":{"line":160,"column":33},"end":{"line":172,"column":3}},"line":160},"12":{"name":"(anonymous_12)","decl":{"start":{"line":161,"column":28},"end":{"line":161,"column":29}},"loc":{"start":{"line":161,"column":36},"end":{"line":161,"column":40}},"line":161},"13":{"name":"(anonymous_13)","decl":{"start":{"line":174,"column":2},"end":{"line":174,"column":3}},"loc":{"start":{"line":174,"column":25},"end":{"line":177,"column":3}},"line":174},"14":{"name":"(anonymous_14)","decl":{"start":{"line":176,"column":27},"end":{"line":176,"column":28}},"loc":{"start":{"line":176,"column":35},"end":{"line":176,"column":47}},"line":176},"15":{"name":"bytesToHex","decl":{"start":{"line":180,"column":9},"end":{"line":180,"column":19}},"loc":{"start":{"line":180,"column":47},"end":{"line":184,"column":1}},"line":180},"16":{"name":"(anonymous_16)","decl":{"start":{"line":182,"column":9},"end":{"line":182,"column":10}},"loc":{"start":{"line":182,"column":16},"end":{"line":182,"column":47}},"line":182},"17":{"name":"hexToBytes","decl":{"start":{"line":186,"column":9},"end":{"line":186,"column":19}},"loc":{"start":{"line":186,"column":45},"end":{"line":192,"column":1}},"line":186}},"branchMap":{"0":{"loc":{"start":{"line":60,"column":10},"end":{"line":80,"column":11}},"type":"if","locations":[{"start":{"line":60,"column":10},"end":{"line":80,"column":11}},{"start":{},"end":{}}],"line":60},"1":{"loc":{"start":{"line":68,"column":25},"end":{"line":68,"column":54}},"type":"binary-expr","locations":[{"start":{"line":68,"column":25},"end":{"line":68,"column":41}},{"start":{"line":68,"column":45},"end":{"line":68,"column":54}}],"line":68},"2":{"loc":{"start":{"line":69,"column":28},"end":{"line":69,"column":69}},"type":"binary-expr","locations":[{"start":{"line":69,"column":28},"end":{"line":69,"column":47}},{"start":{"line":69,"column":51},"end":{"line":69,"column":69}}],"line":69},"3":{"loc":{"start":{"line":78,"column":12},"end":{"line":78,"column":85}},"type":"if","locations":[{"start":{"line":78,"column":12},"end":{"line":78,"column":85}},{"start":{},"end":{}}],"line":78},"4":{"loc":{"start":{"line":97,"column":20},"end":{"line":97,"column":28}},"type":"default-arg","locations":[{"start":{"line":97,"column":27},"end":{"line":97,"column":28}}],"line":97},"5":{"loc":{"start":{"line":109,"column":50},"end":{"line":109,"column":71}},"type":"default-arg","locations":[{"start":{"line":109,"column":62},"end":{"line":109,"column":71}}],"line":109},"6":{"loc":{"start":{"line":119,"column":22},"end":{"line":119,"column":52}},"type":"binary-expr","locations":[{"start":{"line":119,"column":22},"end":{"line":119,"column":37}},{"start":{"line":119,"column":41},"end":{"line":119,"column":52}}],"line":119},"7":{"loc":{"start":{"line":150,"column":4},"end":{"line":150,"column":77}},"type":"if","locations":[{"start":{"line":150,"column":4},"end":{"line":150,"column":77}},{"start":{},"end":{}}],"line":150}},"s":{"0":1,"1":0,"2":1,"3":1,"4":1,"5":1,"6":1,"7":1,"8":1,"9":1,"10":1,"11":1,"12":0,"13":0,"14":0,"15":0,"16":0,"17":0,"18":0,"19":0,"20":0,"21":0,"22":0,"23":0,"24":0,"25":0,"26":0,"27":0,"28":0,"29":0,"30":0,"31":0,"32":0,"33":0,"34":0,"35":0,"36":0,"37":0,"38":0,"39":0,"40":0,"41":0,"42":0,"43":0,"44":0,"45":0,"46":0,"47":0,"48":0,"49":0,"50":0,"51":0,"52":0,"53":0,"54":0,"55":0,"56":0,"57":0,"58":0,"59":0,"60":0,"61":0,"62":0,"63":0,"64":0,"65":0,"66":0,"67":0,"68":0,"69":0,"70":0,"71":0,"72":0,"73":0,"74":0,"75":0},"f":{"0":0,"1":1,"2":1,"3":1,"4":1,"5":0,"6":0,"7":0,"8":0,"9":0,"10":0,"11":0,"12":0,"13":0,"14":0,"15":0,"16":0,"17":0},"b":{"0":[0,0],"1":[0,0],"2":[0,0],"3":[0,0],"4":[0],"5":[0],"6":[0,0],"7":[0,0]},"_coverageSchema":"1a1c01bbd47fc00a2c39e90264f33305004495a9","hash":"9e604aa6d304ab4420dd310f0a016b33b044a958"}
,"/home/runner/work/KAmesh1/KAmesh1/src/core/p2p/PeerId.ts": {"path":"/home/runner/work/KAmesh1/KAmesh1/src/core/p2p/PeerId.ts","statementMap":{},"fnMap":{},"branchMap":{},"s":{},"f":{},"b":{}}
,"/home/runner/work/KAmesh1/KAmesh1/src/crypto/CryptoProvider.ts": {"path":"/home/runner/work/KAmesh1/KAmesh1/src/crypto/CryptoProvider.ts","statementMap":{},"fnMap":{},"branchMap":{},"s":{},"f":{},"b":{}}
,"/home/runner/work/KAmesh1/KAmesh1/src/storage/AsyncStorageAdapter.ts": {"path":"/home/runner/work/KAmesh1/KAmesh1/src/storage/AsyncStorageAdapter.ts","statementMap":{"0":{"start":{"line":4,"column":13},"end":{"line":9,"column":1}},"1":{"start":{"line":5,"column":28},"end":{"line":5,"column":40}},"2":{"start":{"line":7,"column":24},"end":{"line":7,"column":42}},"3":{"start":{"line":13,"column":16},"end":{"line":13,"column":44}},"4":{"start":{"line":14,"column":16},"end":{"line":14,"column":47}},"5":{"start":{"line":15,"column":34},"end":{"line":15,"column":60}},"6":{"start":{"line":16,"column":4},"end":{"line":16,"column":19}},"7":{"start":{"line":17,"column":4},"end":{"line":17,"column":51}},"8":{"start":{"line":17,"column":24},"end":{"line":17,"column":49}},"9":{"start":{"line":18,"column":4},"end":{"line":18,"column":47}},"10":{"start":{"line":18,"column":28},"end":{"line":18,"column":46}},"11":{"start":{"line":19,"column":4},"end":{"line":19,"column":58}},"12":{"start":{"line":27,"column":16},"end":{"line":27,"column":68}},"13":{"start":{"line":28,"column":4},"end":{"line":28,"column":26}},"14":{"start":{"line":28,"column":15},"end":{"line":28,"column":25}},"15":{"start":{"line":29,"column":34},"end":{"line":29,"column":49}},"16":{"start":{"line":30,"column":21},"end":{"line":32,"column":12}},"17":{"start":{"line":31,"column":27},"end":{"line":31,"column":47}},"18":{"start":{"line":33,"column":4},"end":{"line":33,"column":36}},"19":{"start":{"line":37,"column":17},"end":{"line":37,"column":48}},"20":{"start":{"line":38,"column":20},"end":{"line":38,"column":61}},"21":{"start":{"line":38,"column":39},"end":{"line":38,"column":60}},"22":{"start":{"line":39,"column":18},"end":{"line":39,"column":19}},"23":{"start":{"line":40,"column":4},"end":{"line":54,"column":5}},"24":{"start":{"line":41,"column":18},"end":{"line":41,"column":49}},"25":{"start":{"line":42,"column":6},"end":{"line":42,"column":27}},"26":{"start":{"line":42,"column":17},"end":{"line":42,"column":26}},"27":{"start":{"line":43,"column":36},"end":{"line":43,"column":51}},"28":{"start":{"line":44,"column":18},"end":{"line":44,"column":28}},"29":{"start":{"line":45,"column":23},"end":{"line":45,"column":60}},"30":{"start":{"line":45,"column":42},"end":{"line":45,"column":59}},"31":{"start":{"line":46,"column":6},"end":{"line":53,"column":7}},"32":{"start":{"line":47,"column":8},"end":{"line":47,"column":49}},"33":{"start":{"line":48,"column":8},"end":{"line":52,"column":9}},"34":{"start":{"line":49,"column":10},"end":{"line":49,"column":68}},"35":{"start":{"line":51,"column":10},"end":{"line":51,"column":45}},"36":{"start":{"line":55,"column":4},"end":{"line":55,"column":19}},"37":{"start":{"line":59,"column":16},"end":{"line":59,"column":56}},"38":{"start":{"line":60,"column":32},"end":{"line":60,"column":58}},"39":{"start":{"line":61,"column":4},"end":{"line":61,"column":22}},"40":{"start":{"line":62,"column":4},"end":{"line":62,"column":67}},"41":{"start":{"line":66,"column":16},"end":{"line":66,"column":56}},"42":{"start":{"line":67,"column":4},"end":{"line":67,"column":38}},"43":{"start":{"line":71,"column":16},"end":{"line":71,"column":41}},"44":{"start":{"line":72,"column":16},"end":{"line":72,"column":47}},"45":{"start":{"line":73,"column":30},"end":{"line":73,"column":56}},"46":{"start":{"line":74,"column":4},"end":{"line":74,"column":20}},"47":{"start":{"line":75,"column":4},"end":{"line":75,"column":58}},"48":{"start":{"line":83,"column":16},"end":{"line":83,"column":64}},"49":{"start":{"line":84,"column":4},"end":{"line":84,"column":26}},"50":{"start":{"line":84,"column":15},"end":{"line":84,"column":25}},"51":{"start":{"line":85,"column":30},"end":{"line":85,"column":45}},"52":{"start":{"line":86,"column":4},"end":{"line":86,"column":46}},"53":{"start":{"line":90,"column":17},"end":{"line":90,"column":48}},"54":{"start":{"line":91,"column":16},"end":{"line":91,"column":17}},"55":{"start":{"line":92,"column":4},"end":{"line":95,"column":5}},"56":{"start":{"line":93,"column":18},"end":{"line":93,"column":49}},"57":{"start":{"line":94,"column":6},"end":{"line":94,"column":41}},"58":{"start":{"line":94,"column":16},"end":{"line":94,"column":40}},"59":{"start":{"line":96,"column":4},"end":{"line":96,"column":17}},"60":{"start":{"line":100,"column":19},"end":{"line":100,"column":53}},"61":{"start":{"line":101,"column":17},"end":{"line":101,"column":48}},"62":{"start":{"line":102,"column":17},"end":{"line":102,"column":18}},"63":{"start":{"line":103,"column":4},"end":{"line":124,"column":5}},"64":{"start":{"line":104,"column":18},"end":{"line":104,"column":49}},"65":{"start":{"line":105,"column":6},"end":{"line":105,"column":27}},"66":{"start":{"line":105,"column":17},"end":{"line":105,"column":26}},"67":{"start":{"line":106,"column":6},"end":{"line":123,"column":7}},"68":{"start":{"line":107,"column":21},"end":{"line":107,"column":36}},"69":{"start":{"line":108,"column":8},"end":{"line":120,"column":9}},"70":{"start":{"line":109,"column":27},"end":{"line":111,"column":11}},"71":{"start":{"line":110,"column":27},"end":{"line":110,"column":50}},"72":{"start":{"line":112,"column":10},"end":{"line":119,"column":11}},"73":{"start":{"line":113,"column":12},"end":{"line":113,"column":52}},"74":{"start":{"line":114,"column":12},"end":{"line":118,"column":13}},"75":{"start":{"line":115,"column":14},"end":{"line":115,"column":72}},"76":{"start":{"line":117,"column":14},"end":{"line":117,"column":49}},"77":{"start":{"line":125,"column":4},"end":{"line":125,"column":18}}},"fnMap":{"0":{"name":"(anonymous_0)","decl":{"start":{"line":5,"column":12},"end":{"line":5,"column":13}},"loc":{"start":{"line":5,"column":28},"end":{"line":5,"column":40}},"line":5},"1":{"name":"(anonymous_1)","decl":{"start":{"line":7,"column":9},"end":{"line":7,"column":10}},"loc":{"start":{"line":7,"column":24},"end":{"line":7,"column":42}},"line":7},"2":{"name":"(anonymous_2)","decl":{"start":{"line":12,"column":2},"end":{"line":12,"column":3}},"loc":{"start":{"line":12,"column":55},"end":{"line":20,"column":3}},"line":12},"3":{"name":"(anonymous_3)","decl":{"start":{"line":17,"column":14},"end":{"line":17,"column":15}},"loc":{"start":{"line":17,"column":24},"end":{"line":17,"column":49}},"line":17},"4":{"name":"(anonymous_4)","decl":{"start":{"line":22,"column":2},"end":{"line":22,"column":3}},"loc":{"start":{"line":26,"column":30},"end":{"line":34,"column":3}},"line":26},"5":{"name":"(anonymous_5)","decl":{"start":{"line":31,"column":20},"end":{"line":31,"column":21}},"loc":{"start":{"line":31,"column":27},"end":{"line":31,"column":47}},"line":31},"6":{"name":"(anonymous_6)","decl":{"start":{"line":36,"column":2},"end":{"line":36,"column":3}},"loc":{"start":{"line":36,"column":49},"end":{"line":56,"column":3}},"line":36},"7":{"name":"(anonymous_7)","decl":{"start":{"line":38,"column":32},"end":{"line":38,"column":33}},"loc":{"start":{"line":38,"column":39},"end":{"line":38,"column":60}},"line":38},"8":{"name":"(anonymous_8)","decl":{"start":{"line":45,"column":35},"end":{"line":45,"column":36}},"loc":{"start":{"line":45,"column":42},"end":{"line":45,"column":59}},"line":45},"9":{"name":"(anonymous_9)","decl":{"start":{"line":58,"column":2},"end":{"line":58,"column":3}},"loc":{"start":{"line":58,"column":57},"end":{"line":63,"column":3}},"line":58},"10":{"name":"(anonymous_10)","decl":{"start":{"line":65,"column":2},"end":{"line":65,"column":3}},"loc":{"start":{"line":65,"column":45},"end":{"line":68,"column":3}},"line":65},"11":{"name":"(anonymous_11)","decl":{"start":{"line":70,"column":2},"end":{"line":70,"column":3}},"loc":{"start":{"line":70,"column":49},"end":{"line":76,"column":3}},"line":70},"12":{"name":"(anonymous_12)","decl":{"start":{"line":78,"column":2},"end":{"line":78,"column":3}},"loc":{"start":{"line":82,"column":26},"end":{"line":87,"column":3}},"line":82},"13":{"name":"(anonymous_13)","decl":{"start":{"line":89,"column":2},"end":{"line":89,"column":3}},"loc":{"start":{"line":89,"column":48},"end":{"line":97,"column":3}},"line":89},"14":{"name":"(anonymous_14)","decl":{"start":{"line":99,"column":2},"end":{"line":99,"column":3}},"loc":{"start":{"line":99,"column":58},"end":{"line":126,"column":3}},"line":99},"15":{"name":"(anonymous_15)","decl":{"start":{"line":110,"column":12},"end":{"line":110,"column":13}},"loc":{"start":{"line":110,"column":27},"end":{"line":110,"column":50}},"line":110}},"branchMap":{"0":{"loc":{"start":{"line":15,"column":34},"end":{"line":15,"column":60}},"type":"cond-expr","locations":[{"start":{"line":15,"column":40},"end":{"line":15,"column":55}},{"start":{"line":15,"column":58},"end":{"line":15,"column":60}}],"line":15},"1":{"loc":{"start":{"line":18,"column":4},"end":{"line":18,"column":47}},"type":"if","locations":[{"start":{"line":18,"column":4},"end":{"line":18,"column":47}},{"start":{},"end":{}}],"line":18},"2":{"loc":{"start":{"line":28,"column":4},"end":{"line":28,"column":26}},"type":"if","locations":[{"start":{"line":28,"column":4},"end":{"line":28,"column":26}},{"start":{},"end":{}}],"line":28},"3":{"loc":{"start":{"line":30,"column":21},"end":{"line":32,"column":12}},"type":"cond-expr","locations":[{"start":{"line":31,"column":8},"end":{"line":31,"column":48}},{"start":{"line":32,"column":8},"end":{"line":32,"column":12}}],"line":30},"4":{"loc":{"start":{"line":42,"column":6},"end":{"line":42,"column":27}},"type":"if","locations":[{"start":{"line":42,"column":6},"end":{"line":42,"column":27}},{"start":{},"end":{}}],"line":42},"5":{"loc":{"start":{"line":46,"column":6},"end":{"line":53,"column":7}},"type":"if","locations":[{"start":{"line":46,"column":6},"end":{"line":53,"column":7}},{"start":{},"end":{}}],"line":46},"6":{"loc":{"start":{"line":48,"column":8},"end":{"line":52,"column":9}},"type":"if","locations":[{"start":{"line":48,"column":8},"end":{"line":52,"column":9}},{"start":{"line":50,"column":15},"end":{"line":52,"column":9}}],"line":48},"7":{"loc":{"start":{"line":60,"column":32},"end":{"line":60,"column":58}},"type":"cond-expr","locations":[{"start":{"line":60,"column":38},"end":{"line":60,"column":53}},{"start":{"line":60,"column":56},"end":{"line":60,"column":58}}],"line":60},"8":{"loc":{"start":{"line":67,"column":11},"end":{"line":67,"column":37}},"type":"cond-expr","locations":[{"start":{"line":67,"column":17},"end":{"line":67,"column":32}},{"start":{"line":67,"column":35},"end":{"line":67,"column":37}}],"line":67},"9":{"loc":{"start":{"line":73,"column":30},"end":{"line":73,"column":56}},"type":"cond-expr","locations":[{"start":{"line":73,"column":36},"end":{"line":73,"column":51}},{"start":{"line":73,"column":54},"end":{"line":73,"column":56}}],"line":73},"10":{"loc":{"start":{"line":84,"column":4},"end":{"line":84,"column":26}},"type":"if","locations":[{"start":{"line":84,"column":4},"end":{"line":84,"column":26}},{"start":{},"end":{}}],"line":84},"11":{"loc":{"start":{"line":94,"column":6},"end":{"line":94,"column":41}},"type":"if","locations":[{"start":{"line":94,"column":6},"end":{"line":94,"column":41}},{"start":{},"end":{}}],"line":94},"12":{"loc":{"start":{"line":105,"column":6},"end":{"line":105,"column":27}},"type":"if","locations":[{"start":{"line":105,"column":6},"end":{"line":105,"column":27}},{"start":{},"end":{}}],"line":105},"13":{"loc":{"start":{"line":108,"column":8},"end":{"line":120,"column":9}},"type":"if","locations":[{"start":{"line":108,"column":8},"end":{"line":120,"column":9}},{"start":{},"end":{}}],"line":108},"14":{"loc":{"start":{"line":112,"column":10},"end":{"line":119,"column":11}},"type":"if","locations":[{"start":{"line":112,"column":10},"end":{"line":119,"column":11}},{"start":{},"end":{}}],"line":112},"15":{"loc":{"start":{"line":114,"column":12},"end":{"line":118,"column":13}},"type":"if","locations":[{"start":{"line":114,"column":12},"end":{"line":118,"column":13}},{"start":{"line":116,"column":19},"end":{"line":118,"column":13}}],"line":114}},"s":{"0":1,"1":0,"2":0,"3":0,"4":0,"5":0,"6":0,"7":0,"8":0,"9":0,"10":0,"11":0,"12":0,"13":0,"14":0,"15":0,"16":0,"17":0,"18":0,"19":0,"20":0,"21":0,"22":0,"23":0,"24":0,"25":0,"26":0,"27":0,"28":0,"29":0,"30":0,"31":0,"32":0,"33":0,"34":0,"35":0,"36":0,"37":0,"38":0,"39":0,"40":0,"41":0,"42":0,"43":0,"44":0,"45":0,"46":0,"47":0,"48":0,"49":0,"50":0,"51":0,"52":0,"53":0,"54":0,"55":0,"56":0,"57":0,"58":0,"59":0,"60":0,"61":0,"62":0,"63":0,"64":0,"65":0,"66":0,"67":0,"68":0,"69":0,"70":0,"71":0,"72":0,"73":0,"74":0,"75":0,"76":0,"77":0},"f":{"0":0,"1":0,"2":0,"3":0,"4":0,"5":0,"6":0,"7":0,"8":0,"9":0,"10":0,"11":0,"12":0,"13":0,"14":0,"15":0},"b":{"0":[0,0],"1":[0,0],"2":[0,0],"3":[0,0],"4":[0,0],"5":[0,0],"6":[0,0],"7":[0,0],"8":[0,0],"9":[0,0],"10":[0,0],"11":[0,0],"12":[0,0],"13":[0,0],"14":[0,0],"15":[0,0]},"_coverageSchema":"1a1c01bbd47fc00a2c39e90264f33305004495a9","hash":"2a229c3f1febe8cd3d5cc42adae45b488c4519e1"}
,"/home/runner/work/KAmesh1/KAmesh1/src/storage/Store.ts": {"path":"/home/runner/work/KAmesh1/KAmesh1/src/storage/Store.ts","statementMap":{},"fnMap":{},"branchMap":{},"s":{},"f":{},"b":{}}
,"/home/runner/work/KAmesh1/KAmesh1/src/ui/components/GlassButton.tsx": {"path":"/home/runner/work/KAmesh1/KAmesh1/src/ui/components/GlassButton.tsx","statementMap":{"0":{"start":{"line":27,"column":20},"end":{"line":27,"column":41}},"1":{"start":{"line":28,"column":20},"end":{"line":28,"column":76}},"2":{"start":{"line":29,"column":19},"end":{"line":29,"column":81}},"3":{"start":{"line":31,"column":2},"end":{"line":55,"column":4}},"4":{"start":{"line":58,"column":15},"end":{"line":68,"column":2}},"5":{"start":{"line":77,"column":2},"end":{"line":87,"column":4}}},"fnMap":{"0":{"name":"GlassButton","decl":{"start":{"line":19,"column":16},"end":{"line":19,"column":27}},"loc":{"start":{"line":26,"column":21},"end":{"line":56,"column":1}},"line":26},"1":{"name":"LocalNeonText","decl":{"start":{"line":70,"column":9},"end":{"line":70,"column":22}},"loc":{"start":{"line":76,"column":3},"end":{"line":88,"column":1}},"line":76}},"branchMap":{"0":{"loc":{"start":{"line":22,"column":2},"end":{"line":22,"column":21}},"type":"default-arg","locations":[{"start":{"line":22,"column":12},"end":{"line":22,"column":21}}],"line":22},"1":{"loc":{"start":{"line":23,"column":2},"end":{"line":23,"column":17}},"type":"default-arg","locations":[{"start":{"line":23,"column":12},"end":{"line":23,"column":17}}],"line":23},"2":{"loc":{"start":{"line":24,"column":2},"end":{"line":24,"column":18}},"type":"default-arg","locations":[{"start":{"line":24,"column":13},"end":{"line":24,"column":18}}],"line":24},"3":{"loc":{"start":{"line":28,"column":20},"end":{"line":28,"column":76}},"type":"cond-expr","locations":[{"start":{"line":28,"column":43},"end":{"line":28,"column":58}},{"start":{"line":28,"column":61},"end":{"line":28,"column":76}}],"line":28},"4":{"loc":{"start":{"line":29,"column":19},"end":{"line":29,"column":81}},"type":"cond-expr","locations":[{"start":{"line":29,"column":42},"end":{"line":29,"column":60}},{"start":{"line":29,"column":63},"end":{"line":29,"column":81}}],"line":29},"5":{"loc":{"start":{"line":35,"column":16},"end":{"line":35,"column":35}},"type":"binary-expr","locations":[{"start":{"line":35,"column":16},"end":{"line":35,"column":24}},{"start":{"line":35,"column":28},"end":{"line":35,"column":35}}],"line":35},"6":{"loc":{"start":{"line":39,"column":23},"end":{"line":39,"column":60}},"type":"cond-expr","locations":[{"start":{"line":39,"column":35},"end":{"line":39,"column":44}},{"start":{"line":39,"column":47},"end":{"line":39,"column":60}}],"line":39},"7":{"loc":{"start":{"line":40,"column":27},"end":{"line":40,"column":63}},"type":"cond-expr","locations":[{"start":{"line":40,"column":39},"end":{"line":40,"column":47}},{"start":{"line":40,"column":50},"end":{"line":40,"column":63}}],"line":40},"8":{"loc":{"start":{"line":41,"column":19},"end":{"line":41,"column":37}},"type":"cond-expr","locations":[{"start":{"line":41,"column":30},"end":{"line":41,"column":33}},{"start":{"line":41,"column":36},"end":{"line":41,"column":37}}],"line":41},"9":{"loc":{"start":{"line":46,"column":7},"end":{"line":53,"column":7}},"type":"cond-expr","locations":[{"start":{"line":47,"column":8},"end":{"line":47,"column":60}},{"start":{"line":49,"column":8},"end":{"line":52,"column":10}}],"line":46}},"s":{"0":1,"1":1,"2":1,"3":1,"4":1,"5":1},"f":{"0":1,"1":1},"b":{"0":[0],"1":[1],"2":[1],"3":[0,1],"4":[0,1],"5":[1,1],"6":[1,0],"7":[1,0],"8":[0,1],"9":[0,1]},"_coverageSchema":"1a1c01bbd47fc00a2c39e90264f33305004495a9","hash":"2e2348a502be01040bc564d64c95a47470c3af4a"}
,"/home/runner/work/KAmesh1/KAmesh1/src/ui/components/GlassCard.tsx": {"path":"/home/runner/work/KAmesh1/KAmesh1/src/ui/components/GlassCard.tsx","statementMap":{"0":{"start":{"line":17,"column":2},"end":{"line":36,"column":4}},"1":{"start":{"line":39,"column":15},"end":{"line":50,"column":2}}},"fnMap":{"0":{"name":"GlassCard","decl":{"start":{"line":11,"column":16},"end":{"line":11,"column":25}},"loc":{"start":{"line":16,"column":19},"end":{"line":37,"column":1}},"line":16}},"branchMap":{"0":{"loc":{"start":{"line":21,"column":8},"end":{"line":21,"column":49}},"type":"cond-expr","locations":[{"start":{"line":21,"column":22},"end":{"line":21,"column":37}},{"start":{"line":21,"column":40},"end":{"line":21,"column":49}}],"line":21},"1":{"loc":{"start":{"line":22,"column":8},"end":{"line":30,"column":21}},"type":"cond-expr","locations":[{"start":{"line":23,"column":12},"end":{"line":29,"column":13}},{"start":{"line":30,"column":12},"end":{"line":30,"column":21}}],"line":22}},"s":{"0":0,"1":1},"f":{"0":0},"b":{"0":[0,0],"1":[0,0]},"_coverageSchema":"1a1c01bbd47fc00a2c39e90264f33305004495a9","hash":"90bd4699747d4aa7c96f239ced2b364e8da33f6e"}
,"/home/runner/work/KAmesh1/KAmesh1/src/ui/components/GlassInput.tsx": {"path":"/home/runner/work/KAmesh1/KAmesh1/src/ui/components/GlassInput.tsx","statementMap":{"0":{"start":{"line":15,"column":2},"end":{"line":25,"column":4}},"1":{"start":{"line":28,"column":15},"end":{"line":39,"column":2}}},"fnMap":{"0":{"name":"GlassInput","decl":{"start":{"line":14,"column":16},"end":{"line":14,"column":26}},"loc":{"start":{"line":14,"column":65},"end":{"line":26,"column":1}},"line":14}},"branchMap":{},"s":{"0":0,"1":1},"f":{"0":0},"b":{},"_coverageSchema":"1a1c01bbd47fc00a2c39e90264f33305004495a9","hash":"e4ef997ed0ea9497404a2c5415f104105a0b83e1"}
,"/home/runner/work/KAmesh1/KAmesh1/src/ui/components/NeonText.tsx": {"path":"/home/runner/work/KAmesh1/KAmesh1/src/ui/components/NeonText.tsx","statementMap":{"0":{"start":{"line":19,"column":43},"end":{"line":25,"column":3}},"1":{"start":{"line":27,"column":2},"end":{"line":41,"column":4}}},"fnMap":{"0":{"name":"NeonText","decl":{"start":{"line":12,"column":16},"end":{"line":12,"column":24}},"loc":{"start":{"line":18,"column":18},"end":{"line":42,"column":1}},"line":18}},"branchMap":{"0":{"loc":{"start":{"line":14,"column":2},"end":{"line":14,"column":25}},"type":"default-arg","locations":[{"start":{"line":14,"column":10},"end":{"line":14,"column":25}}],"line":14},"1":{"loc":{"start":{"line":15,"column":2},"end":{"line":15,"column":15}},"type":"default-arg","locations":[{"start":{"line":15,"column":9},"end":{"line":15,"column":15}}],"line":15},"2":{"loc":{"start":{"line":17,"column":2},"end":{"line":17,"column":13}},"type":"default-arg","locations":[{"start":{"line":17,"column":9},"end":{"line":17,"column":13}}],"line":17},"3":{"loc":{"start":{"line":32,"column":8},"end":{"line":35,"column":9}},"type":"binary-expr","locations":[{"start":{"line":32,"column":8},"end":{"line":32,"column":12}},{"start":{"line":32,"column":16},"end":{"line":35,"column":9}}],"line":32}},"s":{"0":3,"1":3},"f":{"0":3},"b":{"0":[0],"1":[0],"2":[1],"3":[3,1]},"_coverageSchema":"1a1c01bbd47fc00a2c39e90264f33305004495a9","hash":"49c9fe8ef3b3413385749c8a61513cfc48b064df"}
,"/home/runner/work/KAmesh1/KAmesh1/src/ui/screens/HomeScreen.tsx": {"path":"/home/runner/work/KAmesh1/KAmesh1/src/ui/screens/HomeScreen.tsx","statementMap":{"0":{"start":{"line":18,"column":14},"end":{"line":18,"column":39}},"1":{"start":{"line":19,"column":18},"end":{"line":19,"column":41}},"2":{"start":{"line":22,"column":28},"end":{"line":22,"column":49}},"3":{"start":{"line":23,"column":24},"end":{"line":23,"column":64}},"4":{"start":{"line":24,"column":26},"end":{"line":24,"column":38}},"5":{"start":{"line":25,"column":26},"end":{"line":25,"column":38}},"6":{"start":{"line":26,"column":32},"end":{"line":26,"column":44}},"7":{"start":{"line":27,"column":38},"end":{"line":27,"column":50}},"8":{"start":{"line":29,"column":19},"end":{"line":29,"column":56}},"9":{"start":{"line":31,"column":2},"end":{"line":37,"column":17}},"10":{"start":{"line":32,"column":4},"end":{"line":36,"column":15}},"11":{"start":{"line":39,"column":2},"end":{"line":42,"column":9}},"12":{"start":{"line":40,"column":18},"end":{"line":40,"column":45}},"13":{"start":{"line":41,"column":4},"end":{"line":41,"column":17}},"14":{"start":{"line":44,"column":21},"end":{"line":50,"column":8}},"15":{"start":{"line":45,"column":4},"end":{"line":49,"column":5}},"16":{"start":{"line":46,"column":6},"end":{"line":46,"column":29}},"17":{"start":{"line":48,"column":6},"end":{"line":48,"column":38}},"18":{"start":{"line":52,"column":28},"end":{"line":58,"column":8}},"19":{"start":{"line":53,"column":4},"end":{"line":57,"column":5}},"20":{"start":{"line":54,"column":6},"end":{"line":54,"column":37}},"21":{"start":{"line":56,"column":6},"end":{"line":56,"column":46}},"22":{"start":{"line":60,"column":24},"end":{"line":68,"column":18}},"23":{"start":{"line":61,"column":14},"end":{"line":61,"column":26}},"24":{"start":{"line":62,"column":4},"end":{"line":62,"column":30}},"25":{"start":{"line":62,"column":22},"end":{"line":62,"column":29}},"26":{"start":{"line":63,"column":4},"end":{"line":67,"column":5}},"27":{"start":{"line":64,"column":6},"end":{"line":64,"column":39}},"28":{"start":{"line":66,"column":6},"end":{"line":66,"column":41}},"29":{"start":{"line":70,"column":21},"end":{"line":78,"column":27}},"30":{"start":{"line":71,"column":4},"end":{"line":71,"column":42}},"31":{"start":{"line":71,"column":34},"end":{"line":71,"column":41}},"32":{"start":{"line":72,"column":4},"end":{"line":77,"column":5}},"33":{"start":{"line":73,"column":6},"end":{"line":73,"column":55}},"34":{"start":{"line":74,"column":6},"end":{"line":74,"column":21}},"35":{"start":{"line":76,"column":6},"end":{"line":76,"column":38}},"36":{"start":{"line":80,"column":27},"end":{"line":85,"column":3}},"37":{"start":{"line":82,"column":6},"end":{"line":82,"column":41}},"38":{"start":{"line":87,"column":19},"end":{"line":87,"column":59}},"39":{"start":{"line":89,"column":2},"end":{"line":267,"column":4}},"40":{"start":{"line":196,"column":18},"end":{"line":206,"column":25}},"41":{"start":{"line":202,"column":37},"end":{"line":202,"column":61}},"42":{"start":{"line":247,"column":42},"end":{"line":247,"column":49}},"43":{"start":{"line":250,"column":20},"end":{"line":257,"column":27}},"44":{"start":{"line":271,"column":15},"end":{"line":271,"column":17}},"45":{"start":{"line":272,"column":2},"end":{"line":274,"column":3}},"46":{"start":{"line":272,"column":15},"end":{"line":272,"column":16}},"47":{"start":{"line":273,"column":4},"end":{"line":273,"column":44}},"48":{"start":{"line":275,"column":2},"end":{"line":275,"column":16}},"49":{"start":{"line":278,"column":15},"end":{"line":327,"column":2}}},"fnMap":{"0":{"name":"HomeScreen","decl":{"start":{"line":21,"column":24},"end":{"line":21,"column":34}},"loc":{"start":{"line":21,"column":37},"end":{"line":268,"column":1}},"line":21},"1":{"name":"(anonymous_1)","decl":{"start":{"line":31,"column":12},"end":{"line":31,"column":13}},"loc":{"start":{"line":31,"column":18},"end":{"line":37,"column":3}},"line":31},"2":{"name":"(anonymous_2)","decl":{"start":{"line":39,"column":12},"end":{"line":39,"column":13}},"loc":{"start":{"line":39,"column":18},"end":{"line":42,"column":3}},"line":39},"3":{"name":"(anonymous_3)","decl":{"start":{"line":44,"column":33},"end":{"line":44,"column":34}},"loc":{"start":{"line":44,"column":45},"end":{"line":50,"column":3}},"line":44},"4":{"name":"(anonymous_4)","decl":{"start":{"line":52,"column":40},"end":{"line":52,"column":41}},"loc":{"start":{"line":52,"column":52},"end":{"line":58,"column":3}},"line":52},"5":{"name":"(anonymous_5)","decl":{"start":{"line":60,"column":36},"end":{"line":60,"column":37}},"loc":{"start":{"line":60,"column":48},"end":{"line":68,"column":3}},"line":60},"6":{"name":"(anonymous_6)","decl":{"start":{"line":70,"column":33},"end":{"line":70,"column":34}},"loc":{"start":{"line":70,"column":45},"end":{"line":78,"column":3}},"line":70},"7":{"name":"(anonymous_7)","decl":{"start":{"line":81,"column":4},"end":{"line":81,"column":5}},"loc":{"start":{"line":81,"column":30},"end":{"line":83,"column":5}},"line":81},"8":{"name":"(anonymous_8)","decl":{"start":{"line":195,"column":30},"end":{"line":195,"column":31}},"loc":{"start":{"line":196,"column":18},"end":{"line":206,"column":25}},"line":196},"9":{"name":"(anonymous_9)","decl":{"start":{"line":202,"column":31},"end":{"line":202,"column":32}},"loc":{"start":{"line":202,"column":37},"end":{"line":202,"column":61}},"line":202},"10":{"name":"(anonymous_10)","decl":{"start":{"line":247,"column":32},"end":{"line":247,"column":33}},"loc":{"start":{"line":247,"column":42},"end":{"line":247,"column":49}},"line":247},"11":{"name":"(anonymous_11)","decl":{"start":{"line":249,"column":30},"end":{"line":249,"column":31}},"loc":{"start":{"line":250,"column":20},"end":{"line":257,"column":27}},"line":250},"12":{"name":"decodeBytes","decl":{"start":{"line":270,"column":9},"end":{"line":270,"column":20}},"loc":{"start":{"line":270,"column":48},"end":{"line":276,"column":1}},"line":270}},"branchMap":{"0":{"loc":{"start":{"line":62,"column":4},"end":{"line":62,"column":30}},"type":"if","locations":[{"start":{"line":62,"column":4},"end":{"line":62,"column":30}},{"start":{},"end":{}}],"line":62},"1":{"loc":{"start":{"line":62,"column":8},"end":{"line":62,"column":19}},"type":"binary-expr","locations":[{"start":{"line":62,"column":8},"end":{"line":62,"column":13}},{"start":{"line":62,"column":17},"end":{"line":62,"column":19}}],"line":62},"2":{"loc":{"start":{"line":71,"column":4},"end":{"line":71,"column":42}},"type":"if","locations":[{"start":{"line":71,"column":4},"end":{"line":71,"column":42}},{"start":{},"end":{}}],"line":71},"3":{"loc":{"start":{"line":71,"column":8},"end":{"line":71,"column":31}},"type":"binary-expr","locations":[{"start":{"line":71,"column":8},"end":{"line":71,"column":16}},{"start":{"line":71,"column":20},"end":{"line":71,"column":31}}],"line":71},"4":{"loc":{"start":{"line":110,"column":18},"end":{"line":114,"column":40}},"type":"cond-expr","locations":[{"start":{"line":111,"column":22},"end":{"line":111,"column":38}},{"start":{"line":112,"column":22},"end":{"line":114,"column":40}}],"line":110},"5":{"loc":{"start":{"line":112,"column":22},"end":{"line":114,"column":40}},"type":"cond-expr","locations":[{"start":{"line":113,"column":24},"end":{"line":113,"column":36}},{"start":{"line":114,"column":24},"end":{"line":114,"column":40}}],"line":112},"6":{"loc":{"start":{"line":119,"column":13},"end":{"line":127,"column":31}},"type":"cond-expr","locations":[{"start":{"line":120,"column":16},"end":{"line":120,"column":33}},{"start":{"line":121,"column":16},"end":{"line":127,"column":31}}],"line":119},"7":{"loc":{"start":{"line":121,"column":16},"end":{"line":127,"column":31}},"type":"cond-expr","locations":[{"start":{"line":122,"column":18},"end":{"line":122,"column":35}},{"start":{"line":123,"column":18},"end":{"line":127,"column":31}}],"line":121},"8":{"loc":{"start":{"line":123,"column":18},"end":{"line":127,"column":31}},"type":"cond-expr","locations":[{"start":{"line":124,"column":20},"end":{"line":124,"column":27}},{"start":{"line":125,"column":20},"end":{"line":127,"column":31}}],"line":123},"9":{"loc":{"start":{"line":125,"column":20},"end":{"line":127,"column":31}},"type":"cond-expr","locations":[{"start":{"line":126,"column":22},"end":{"line":126,"column":57}},{"start":{"line":127,"column":22},"end":{"line":127,"column":31}}],"line":125},"10":{"loc":{"start":{"line":132,"column":9},"end":{"line":134,"column":9}},"type":"binary-expr","locations":[{"start":{"line":132,"column":9},"end":{"line":132,"column":30}},{"start":{"line":133,"column":10},"end":{"line":133,"column":88}}],"line":132},"11":{"loc":{"start":{"line":137,"column":9},"end":{"line":263,"column":9}},"type":"binary-expr","locations":[{"start":{"line":137,"column":9},"end":{"line":137,"column":33}},{"start":{"line":138,"column":10},"end":{"line":262,"column":13}}],"line":137},"12":{"loc":{"start":{"line":139,"column":13},"end":{"line":146,"column":13}},"type":"binary-expr","locations":[{"start":{"line":139,"column":13},"end":{"line":139,"column":28}},{"start":{"line":140,"column":14},"end":{"line":145,"column":16}}],"line":139},"13":{"loc":{"start":{"line":147,"column":13},"end":{"line":157,"column":13}},"type":"binary-expr","locations":[{"start":{"line":147,"column":13},"end":{"line":147,"column":27}},{"start":{"line":148,"column":14},"end":{"line":156,"column":26}}],"line":147},"14":{"loc":{"start":{"line":186,"column":13},"end":{"line":209,"column":13}},"type":"binary-expr","locations":[{"start":{"line":186,"column":13},"end":{"line":186,"column":32}},{"start":{"line":187,"column":14},"end":{"line":208,"column":26}}],"line":186},"15":{"loc":{"start":{"line":212,"column":13},"end":{"line":237,"column":13}},"type":"binary-expr","locations":[{"start":{"line":212,"column":13},"end":{"line":212,"column":32}},{"start":{"line":213,"column":14},"end":{"line":236,"column":26}}],"line":212},"16":{"loc":{"start":{"line":240,"column":13},"end":{"line":261,"column":13}},"type":"binary-expr","locations":[{"start":{"line":240,"column":13},"end":{"line":240,"column":36}},{"start":{"line":241,"column":14},"end":{"line":260,"column":26}}],"line":240}},"s":{"0":1,"1":1,"2":1,"3":1,"4":1,"5":1,"6":1,"7":1,"8":1,"9":1,"10":1,"11":1,"12":1,"13":1,"14":1,"15":0,"16":0,"17":0,"18":1,"19":0,"20":0,"21":0,"22":1,"23":0,"24":0,"25":0,"26":0,"27":0,"28":0,"29":1,"30":0,"31":0,"32":0,"33":0,"34":0,"35":0,"36":1,"37":0,"38":1,"39":1,"40":0,"41":0,"42":0,"43":0,"44":0,"45":0,"46":0,"47":0,"48":0,"49":1},"f":{"0":1,"1":1,"2":1,"3":0,"4":0,"5":0,"6":0,"7":0,"8":0,"9":0,"10":0,"11":0,"12":0},"b":{"0":[0,0],"1":[0,0],"2":[0,0],"3":[0,0],"4":[0,1],"5":[0,1],"6":[1,0],"7":[0,0],"8":[0,0],"9":[0,0],"10":[1,1],"11":[1,0],"12":[0,0],"13":[0,0],"14":[0,0],"15":[0,0],"16":[0,0]},"_coverageSchema":"1a1c01bbd47fc00a2c39e90264f33305004495a9","hash":"0e7b6d45bc4b70801038a848de067f1b417a5a35"}
,"/home/runner/work/KAmesh1/KAmesh1/src/ui/theme/colors.ts": {"path":"/home/runner/work/KAmesh1/KAmesh1/src/ui/theme/colors.ts","statementMap":{"0":{"start":{"line":1,"column":22},"end":{"line":26,"column":1}}},"fnMap":{},"branchMap":{},"s":{"0":1},"f":{},"b":{},"_coverageSchema":"1a1c01bbd47fc00a2c39e90264f33305004495a9","hash":"02dc7c198f38f6f89bfab3bac89316e49ade3a32"}
,"/home/runner/work/KAmesh1/KAmesh1/src/ui/theme/index.ts": {"path":"/home/runner/work/KAmesh1/KAmesh1/src/ui/theme/index.ts","statementMap":{},"fnMap":{},"branchMap":{},"s":{},"f":{},"b":{},"_coverageSchema":"1a1c01bbd47fc00a2c39e90264f33305004495a9","hash":"ae88f6b53141a0c6bb3985e10284d72b6384b3dd"}
,"/home/runner/work/KAmesh1/KAmesh1/src/ui/theme/spacing.ts": {"path":"/home/runner/work/KAmesh1/KAmesh1/src/ui/theme/spacing.ts","statementMap":{"0":{"start":{"line":1,"column":23},"end":{"line":8,"column":1}},"1":{"start":{"line":10,"column":21},"end":{"line":16,"column":1}}},"fnMap":{},"branchMap":{},"s":{"0":1,"1":1},"f":{},"b":{},"_coverageSchema":"1a1c01bbd47fc00a2c39e90264f33305004495a9","hash":"32648d50af24a74fbf266cc1ba8b89b2216d8df1"}
,"/home/runner/work/KAmesh1/KAmesh1/src/ui/theme/typography.ts": {"path":"/home/runner/work/KAmesh1/KAmesh1/src/ui/theme/typography.ts","statementMap":{"0":{"start":{"line":3,"column":13},"end":{"line":7,"column":2}},"1":{"start":{"line":9,"column":26},"end":{"line":47,"column":1}}},"fnMap":{},"branchMap":{},"s":{"0":1,"1":1},"f":{},"b":{},"_coverageSchema":"1a1c01bbd47fc00a2c39e90264f33305004495a9","hash":"5e782e03bff1787657be5122123bafe133478ea9"}
,"/home/runner/work/KAmesh1/KAmesh1/src/voice/VoiceChannel.ts": {"path":"/home/runner/work/KAmesh1/KAmesh1/src/voice/VoiceChannel.ts","statementMap":{},"fnMap":{},"branchMap":{},"s":{},"f":{},"b":{}}
}
