TN:
SF:src/core/p2p/P2PMessenger.ts
FN:6,uid
FN:28,(anonymous_1)
FN:41,(anonymous_2)
FN:45,(anonymous_3)
FN:47,(anonymous_4)
FN:50,(anonymous_5)
FN:57,(anonymous_6)
FN:97,(anonymous_7)
FN:103,(anonymous_8)
FN:109,(anonymous_9)
FN:154,(anonymous_10)
FN:160,(anonymous_11)
FN:161,(anonymous_12)
FN:174,(anonymous_13)
FN:176,(anonymous_14)
FN:180,bytesToHex
FN:182,(anonymous_16)
FN:186,hexToBytes
FNF:18
FNH:4
FNDA:0,uid
FNDA:1,(anonymous_1)
FNDA:1,(anonymous_2)
FNDA:1,(anonymous_3)
FNDA:1,(anonymous_4)
FNDA:0,(anonymous_5)
FNDA:0,(anonymous_6)
FNDA:0,(anonymous_7)
FNDA:0,(anonymous_8)
FNDA:0,(anonymous_9)
FNDA:0,(anonymous_10)
FNDA:0,(anonymous_11)
FNDA:0,(anonymous_12)
FNDA:0,(anonymous_13)
FNDA:0,(anonymous_14)
FNDA:0,bytesToHex
FNDA:0,(anonymous_16)
FNDA:0,hexToBytes
DA:5,1
DA:7,0
DA:25,1
DA:26,1
DA:29,1
DA:30,1
DA:31,1
DA:32,1
DA:42,1
DA:46,1
DA:47,1
DA:51,0
DA:52,0
DA:54,0
DA:55,0
DA:57,0
DA:58,0
DA:59,0
DA:60,0
DA:61,0
DA:66,0
DA:76,0
DA:77,0
DA:78,0
DA:79,0
DA:86,0
DA:88,0
DA:89,0
DA:91,0
DA:92,0
DA:93,0
DA:98,0
DA:99,0
DA:100,0
DA:104,0
DA:105,0
DA:106,0
DA:110,0
DA:111,0
DA:116,0
DA:117,0
DA:118,0
DA:119,0
DA:120,0
DA:123,0
DA:125,0
DA:127,0
DA:136,0
DA:138,0
DA:148,0
DA:149,0
DA:150,0
DA:151,0
DA:155,0
DA:156,0
DA:157,0
DA:161,0
DA:162,0
DA:163,0
DA:164,0
DA:171,0
DA:175,0
DA:176,0
DA:181,0
DA:182,0
DA:187,0
DA:188,0
DA:189,0
DA:191,0
LF:69
LH:10
BRDA:60,0,0,0
BRDA:60,0,1,0
BRDA:68,1,0,0
BRDA:68,1,1,0
BRDA:69,2,0,0
BRDA:69,2,1,0
BRDA:78,3,0,0
BRDA:78,3,1,0
BRDA:97,4,0,0
BRDA:109,5,0,0
BRDA:119,6,0,0
BRDA:119,6,1,0
BRDA:150,7,0,0
BRDA:150,7,1,0
BRF:14
BRH:0
end_of_record
TN:
SF:src/core/p2p/PeerId.ts
FNF:0
FNH:0
LF:0
LH:0
BRF:0
BRH:0
end_of_record
TN:
SF:src/crypto/CryptoProvider.ts
FNF:0
FNH:0
LF:0
LH:0
BRF:0
BRH:0
end_of_record
TN:
SF:src/storage/AsyncStorageAdapter.ts
FN:5,(anonymous_0)
FN:7,(anonymous_1)
FN:12,(anonymous_2)
FN:17,(anonymous_3)
FN:22,(anonymous_4)
FN:31,(anonymous_5)
FN:36,(anonymous_6)
FN:38,(anonymous_7)
FN:45,(anonymous_8)
FN:58,(anonymous_9)
FN:65,(anonymous_10)
FN:70,(anonymous_11)
FN:78,(anonymous_12)
FN:89,(anonymous_13)
FN:99,(anonymous_14)
FN:110,(anonymous_15)
FNF:16
FNH:0
FNDA:0,(anonymous_0)
FNDA:0,(anonymous_1)
FNDA:0,(anonymous_2)
FNDA:0,(anonymous_3)
FNDA:0,(anonymous_4)
FNDA:0,(anonymous_5)
FNDA:0,(anonymous_6)
FNDA:0,(anonymous_7)
FNDA:0,(anonymous_8)
FNDA:0,(anonymous_9)
FNDA:0,(anonymous_10)
FNDA:0,(anonymous_11)
FNDA:0,(anonymous_12)
FNDA:0,(anonymous_13)
FNDA:0,(anonymous_14)
FNDA:0,(anonymous_15)
DA:4,1
DA:5,0
DA:7,0
DA:13,0
DA:14,0
DA:15,0
DA:16,0
DA:17,0
DA:18,0
DA:19,0
DA:27,0
DA:28,0
DA:29,0
DA:30,0
DA:31,0
DA:33,0
DA:37,0
DA:38,0
DA:39,0
DA:40,0
DA:41,0
DA:42,0
DA:43,0
DA:44,0
DA:45,0
DA:46,0
DA:47,0
DA:48,0
DA:49,0
DA:51,0
DA:55,0
DA:59,0
DA:60,0
DA:61,0
DA:62,0
DA:66,0
DA:67,0
DA:71,0
DA:72,0
DA:73,0
DA:74,0
DA:75,0
DA:83,0
DA:84,0
DA:85,0
DA:86,0
DA:90,0
DA:91,0
DA:92,0
DA:93,0
DA:94,0
DA:96,0
DA:100,0
DA:101,0
DA:102,0
DA:103,0
DA:104,0
DA:105,0
DA:106,0
DA:107,0
DA:108,0
DA:109,0
DA:110,0
DA:112,0
DA:113,0
DA:114,0
DA:115,0
DA:117,0
DA:125,0
LF:69
LH:1
BRDA:15,0,0,0
BRDA:15,0,1,0
BRDA:18,1,0,0
BRDA:18,1,1,0
BRDA:28,2,0,0
BRDA:28,2,1,0
BRDA:30,3,0,0
BRDA:30,3,1,0
BRDA:42,4,0,0
BRDA:42,4,1,0
BRDA:46,5,0,0
BRDA:46,5,1,0
BRDA:48,6,0,0
BRDA:48,6,1,0
BRDA:60,7,0,0
BRDA:60,7,1,0
BRDA:67,8,0,0
BRDA:67,8,1,0
BRDA:73,9,0,0
BRDA:73,9,1,0
BRDA:84,10,0,0
BRDA:84,10,1,0
BRDA:94,11,0,0
BRDA:94,11,1,0
BRDA:105,12,0,0
BRDA:105,12,1,0
BRDA:108,13,0,0
BRDA:108,13,1,0
BRDA:112,14,0,0
BRDA:112,14,1,0
BRDA:114,15,0,0
BRDA:114,15,1,0
BRF:32
BRH:0
end_of_record
TN:
SF:src/storage/Store.ts
FNF:0
FNH:0
LF:0
LH:0
BRF:0
BRH:0
end_of_record
TN:
SF:src/ui/components/GlassButton.tsx
FN:19,GlassButton
FN:70,LocalNeonText
FNF:2
FNH:2
FNDA:1,GlassButton
FNDA:1,LocalNeonText
DA:27,1
DA:28,1
DA:29,1
DA:31,1
DA:58,1
DA:77,1
LF:6
LH:6
BRDA:22,0,0,0
BRDA:23,1,0,1
BRDA:24,2,0,1
BRDA:28,3,0,0
BRDA:28,3,1,1
BRDA:29,4,0,0
BRDA:29,4,1,1
BRDA:35,5,0,1
BRDA:35,5,1,1
BRDA:39,6,0,1
BRDA:39,6,1,0
BRDA:40,7,0,1
BRDA:40,7,1,0
BRDA:41,8,0,0
BRDA:41,8,1,1
BRDA:46,9,0,0
BRDA:46,9,1,1
BRF:17
BRH:10
end_of_record
TN:
SF:src/ui/components/GlassCard.tsx
FN:11,GlassCard
FNF:1
FNH:0
FNDA:0,GlassCard
DA:17,0
DA:39,1
LF:2
LH:1
BRDA:21,0,0,0
BRDA:21,0,1,0
BRDA:22,1,0,0
BRDA:22,1,1,0
BRF:4
BRH:0
end_of_record
TN:
SF:src/ui/components/GlassInput.tsx
FN:14,GlassInput
FNF:1
FNH:0
FNDA:0,GlassInput
DA:15,0
DA:28,1
LF:2
LH:1
BRF:0
BRH:0
end_of_record
TN:
SF:src/ui/components/NeonText.tsx
FN:12,NeonText
FNF:1
FNH:1
FNDA:3,NeonText
DA:19,3
DA:27,3
LF:2
LH:2
BRDA:14,0,0,0
BRDA:15,1,0,0
BRDA:17,2,0,1
BRDA:32,3,0,3
BRDA:32,3,1,1
BRF:5
BRH:3
end_of_record
TN:
SF:src/ui/screens/HomeScreen.tsx
FN:21,HomeScreen
FN:31,(anonymous_1)
FN:39,(anonymous_2)
FN:44,(anonymous_3)
FN:52,(anonymous_4)
FN:60,(anonymous_5)
FN:70,(anonymous_6)
FN:81,(anonymous_7)
FN:195,(anonymous_8)
FN:202,(anonymous_9)
FN:247,(anonymous_10)
FN:249,(anonymous_11)
FN:270,decodeBytes
FNF:13
FNH:3
FNDA:1,HomeScreen
FNDA:1,(anonymous_1)
FNDA:1,(anonymous_2)
FNDA:0,(anonymous_3)
FNDA:0,(anonymous_4)
FNDA:0,(anonymous_5)
FNDA:0,(anonymous_6)
FNDA:0,(anonymous_7)
FNDA:0,(anonymous_8)
FNDA:0,(anonymous_9)
FNDA:0,(anonymous_10)
FNDA:0,(anonymous_11)
FNDA:0,decodeBytes
DA:18,1
DA:19,1
DA:22,1
DA:23,1
DA:24,1
DA:25,1
DA:26,1
DA:27,1
DA:29,1
DA:31,1
DA:32,1
DA:39,1
DA:40,1
DA:41,1
DA:44,1
DA:45,0
DA:46,0
DA:48,0
DA:52,1
DA:53,0
DA:54,0
DA:56,0
DA:60,1
DA:61,0
DA:62,0
DA:63,0
DA:64,0
DA:66,0
DA:70,1
DA:71,0
DA:72,0
DA:73,0
DA:74,0
DA:76,0
DA:80,1
DA:82,0
DA:87,1
DA:89,1
DA:196,0
DA:202,0
DA:247,0
DA:250,0
DA:271,0
DA:272,0
DA:273,0
DA:275,0
DA:278,1
LF:47
LH:22
BRDA:62,0,0,0
BRDA:62,0,1,0
BRDA:62,1,0,0
BRDA:62,1,1,0
BRDA:71,2,0,0
BRDA:71,2,1,0
BRDA:71,3,0,0
BRDA:71,3,1,0
BRDA:110,4,0,0
BRDA:110,4,1,1
BRDA:112,5,0,0
BRDA:112,5,1,1
BRDA:119,6,0,1
BRDA:119,6,1,0
BRDA:121,7,0,0
BRDA:121,7,1,0
BRDA:123,8,0,0
BRDA:123,8,1,0
BRDA:125,9,0,0
BRDA:125,9,1,0
BRDA:132,10,0,1
BRDA:132,10,1,1
BRDA:137,11,0,1
BRDA:137,11,1,0
BRDA:139,12,0,0
BRDA:139,12,1,0
BRDA:147,13,0,0
BRDA:147,13,1,0
BRDA:186,14,0,0
BRDA:186,14,1,0
BRDA:212,15,0,0
BRDA:212,15,1,0
BRDA:240,16,0,0
BRDA:240,16,1,0
BRF:34
BRH:6
end_of_record
TN:
SF:src/ui/theme/colors.ts
FNF:0
FNH:0
DA:1,1
LF:1
LH:1
BRF:0
BRH:0
end_of_record
TN:
SF:src/ui/theme/index.ts
FNF:0
FNH:0
LF:0
LH:0
BRF:0
BRH:0
end_of_record
TN:
SF:src/ui/theme/spacing.ts
FNF:0
FNH:0
DA:1,1
DA:10,1
LF:2
LH:2
BRF:0
BRH:0
end_of_record
TN:
SF:src/ui/theme/typography.ts
FNF:0
FNH:0
DA:3,1
DA:9,1
LF:2
LH:2
BRF:0
BRH:0
end_of_record
TN:
SF:src/voice/VoiceChannel.ts
FNF:0
FNH:0
LF:0
LH:0
BRF:0
BRH:0
end_of_record
